
retval :  {"dik":"63688B5E0EA3550BD3A04710E576FC4F","v270fk":"V","cck":"NIYECG4S","vsk":1,"ctk":1657692851683,"csk":true,"pmk":"5aee134f073c","hrk":true}




str :  {"dik":"63688B5E0EA3550BD3A04710E576FC4F","v270fk":"V","cck":"NIYECG4S","vsk":1,"ctk":1657091190190,"csk":true,"pmk":"5aee134f073c","hrk":true}
====== printStacks start ====== undefined==============================
java.lang.Throwable
	at com.baidu.cesium.h.b(Native Method)
	at com.baidu.cesium.h.b(Unknown Source:31)
	at com.baidu.android.common.util.DeviceId.g(Unknown Source:6)
	at com.baidu.android.common.util.DeviceId.e(Unknown Source:4)
	at com.baidu.android.common.util.DeviceId.b(Unknown Source:10)
	at com.baidu.android.common.util.DeviceId.b(Unknown Source:22)
	at com.baidu.android.common.util.DeviceId.getCUID(Unknown Source:4)
	at com.baidu.android.common.util.CommonParam.getCUID(Unknown Source:4)
	at com.baidu.android.bdutil.cuid.a.a.a(Unknown Source:4)
	at com.baidu.android.bdutil.cuid.a.a.e(Unknown Source:26)
	at com.baidu.android.bdutil.cuid.a.a.d(Unknown Source:4)
	at com.baidu.android.bdutil.cuid.a.a.<init>(Unknown Source:7)
	at com.baidu.android.bdutil.cuid.a.a.<init>(Unknown Source:0)
	at com.baidu.android.bdutil.cuid.a.a$a.<clinit>(Unknown Source:7)
	at com.baidu.android.bdutil.cuid.a.a.a(Unknown Source:4)
	at com.baidu.android.bdutil.cuid.a.b.a(Unknown Source:4)
	at com.baidu.android.bdutil.cuid.sdk.AppCuidManager.getCuid(Unknown Source:8)
	at com.baidu.searchbox.util.BaiduIdentityManager.getUid(Unknown Source:8)
	at com.baidu.searchbox.ng.browser.init.BlinkInitHelper.b(Unknown Source:51)
	at com.baidu.searchbox.ng.browser.init.BlinkInitHelper.a(Unknown Source:0)
	at com.baidu.searchbox.ng.browser.init.BlinkInitHelper$1.run(Unknown Source:23)
	at com.baidu.searchbox.elasticthread.task.ElasticTask.run(Unknown Source:15)
	at java.util.concurrent.ThreadPoolExecutor.runWorker(ThreadPoolExecutor.java:1167)
	at java.util.concurrent.ThreadPoolExecutor$Worker.run(ThreadPoolExecutor.java:641)
	at java.lang.Thread.run(Thread.java:919)

====== printStacks end ======== undefined==============================
str :  {"dik":"63688B5E0EA3550BD3A04710E576FC4F","v270fk":"V","cck":"NIYECG4S","vsk":1,"ctk":1657091190190,"csk":true,"pmk":"5aee134f073c","hrk":true}
====== printStacks start ====== undefined==============================
java.lang.Throwable
	at com.baidu.cesium.h.b(Native Method)
	at com.baidu.cesium.h.a(Unknown Source:45)
	at com.baidu.android.common.util.DeviceId.c(Unknown Source:33)
	at com.baidu.android.common.util.DeviceId.b(Unknown Source:0)
	at com.baidu.android.common.util.DeviceId$c.run(Unknown Source:8)
	at java.util.concurrent.ThreadPoolExecutor.runWorker(ThreadPoolExecutor.java:1167)
	at java.util.concurrent.ThreadPoolExecutor$Worker.run(ThreadPoolExecutor.java:641)
	at java.lang.Thread.run(Thread.java:919)

====== printStacks end ======== undefined==============================
